Using pre-set license

 COMMAND LINE ARGUMENTS:
/Applications/Unity/Hub/Editor/2020.2.3f1/Unity.app/Contents/MacOS/Unity
-adb2
-batchMode
-noUpm
-name
AssetImportWorker0
-projectPath
/Users/dreamy/Projects/awPracticeCode/TicTacToeUnity
-logFile
Logs/AssetImportWorker0.log
-srvPort
51709
Successfully changed project path to: /Users/dreamy/Projects/awPracticeCode/TicTacToeUnity
/Users/dreamy/Projects/awPracticeCode/TicTacToeUnity
Using Asset Import Pipeline V2.
Refreshing native plugins compatible for Editor in 46.63 ms, found 1 plugins.
Preloading 0 native plugins for Editor in 0.00 ms.
Initialize engine version: 2020.2.3f1 (8ff31bc5bf5b)
[Subsystems] Discovering subsystems at path /Applications/Unity/Hub/Editor/2020.2.3f1/Unity.app/Contents/Resources/UnitySubsystems
[Subsystems] Discovering subsystems at path /Users/dreamy/Projects/awPracticeCode/TicTacToeUnity/Assets
GfxDevice: creating device client; threaded=0
2021-03-26 18:05:07.173 Unity[62120:1094164] Color LCD preferred device: Intel(R) Iris(TM) Plus Graphics 645 (low power)
2021-03-26 18:05:07.173 Unity[62120:1094164] Metal devices available: 1
2021-03-26 18:05:07.173 Unity[62120:1094164] 0: Intel(R) Iris(TM) Plus Graphics 645 (low power)
2021-03-26 18:05:07.174 Unity[62120:1094164] Using device Intel(R) Iris(TM) Plus Graphics 645 (low power)
Initializing Metal device caps: Intel(R) Iris(TM) Plus Graphics 645
Initialize mono
Mono path[0] = '/Applications/Unity/Hub/Editor/2020.2.3f1/Unity.app/Contents/Managed'
Mono path[1] = '/Applications/Unity/Hub/Editor/2020.2.3f1/Unity.app/Contents/MonoBleedingEdge/lib/mono/unityjit'
Mono config path = '/Applications/Unity/Hub/Editor/2020.2.3f1/Unity.app/Contents/MonoBleedingEdge/etc'
Using monoOptions --debugger-agent=transport=dt_socket,embedding=1,server=y,suspend=n,address=127.0.0.1:56120
Begin MonoManager ReloadAssembly
Registering precompiled unity dll's ...
Register platform support module: /Applications/Unity/Hub/Editor/2020.2.3f1/Unity.app/Contents/PlaybackEngines/MacStandaloneSupport/UnityEditor.OSXStandalone.Extensions.dll
Registered in 0.002383 seconds.
Native extension for OSXStandalone target not found
Refreshing native plugins compatible for Editor in 27.44 ms, found 1 plugins.
Preloading 0 native plugins for Editor in 0.00 ms.
Invoked RoslynAnalysisRunner static constructor.
RoslynAnalysisRunner will not be running.
RoslynAnalysisRunner has terminated.
Mono: successfully reloaded assembly
- Completed reload, in  6.577 seconds
Platform modules already initialized, skipping
Registering precompiled user dll's ...
Registered in 0.001423 seconds.
Begin MonoManager ReloadAssembly
Native extension for OSXStandalone target not found
Refreshing native plugins compatible for Editor in 0.24 ms, found 1 plugins.
Preloading 0 native plugins for Editor in 0.00 ms.
Invoked RoslynAnalysisRunner static constructor.
RoslynAnalysisRunner will not be running.
RoslynAnalysisRunner has terminated.
Mono: successfully reloaded assembly
- Completed reload, in  1.258 seconds
Platform modules already initialized, skipping
========================================================================
Worker process is ready to serve import requests
Launching external process: /Applications/Unity/Hub/Editor/2020.2.3f1/Unity.app/Contents/Tools/UnityShaderCompiler
Launched and connected shader compiler UnityShaderCompiler after 0.03 seconds
Refreshing native plugins compatible for Editor in 0.34 ms, found 1 plugins.
Preloading 0 native plugins for Editor in 0.00 ms.
Unloading 1100 Unused Serialized files (Serialized files now loaded: 0)
System memory in use before: 109.2 MB.
System memory in use after: 109.2 MB.

Unloading 10 unused Assets to reduce memory usage. Loaded Objects now: 1541.
Total: 4.670501 ms (FindLiveObjects: 0.723389 ms CreateObjectMapping: 0.104922 ms MarkObjects: 3.688690 ms  DeleteObjects: 0.151349 ms)

========================================================================
Received Import Request.
  path: Assets/Scripts/GameController.cs
  artifactKey: Guid(28b47920abfb64942997aa3b0f52491b) Importer(815301076,1909f56bfc062723c751e8b465ee728b)
Start importing Assets/Scripts/GameController.cs using Guid(28b47920abfb64942997aa3b0f52491b) Importer(815301076,1909f56bfc062723c751e8b465ee728b)  -> (artifact id: '6312277fc41f974114b0fbc8b2595b87') in 0.845252 seconds
  Import took 0.853433 seconds .

========================================================================
Received Import Request.
  Time since last request: 425.879796 seconds.
  path: Assets/Scripts/GameController.cs
  artifactKey: Guid(28b47920abfb64942997aa3b0f52491b) Importer(815301076,1909f56bfc062723c751e8b465ee728b)
Start importing Assets/Scripts/GameController.cs using Guid(28b47920abfb64942997aa3b0f52491b) Importer(815301076,1909f56bfc062723c751e8b465ee728b)  -> (artifact id: '8e3a9a562b9ddbcf12d60c0ca886f559') in 0.014948 seconds
  Import took 0.030734 seconds .

========================================================================
Received Prepare
Registering precompiled user dll's ...
Registered in 0.000437 seconds.
Begin MonoManager ReloadAssembly
Native extension for OSXStandalone target not found
Refreshing native plugins compatible for Editor in 0.25 ms, found 1 plugins.
Preloading 0 native plugins for Editor in 0.00 ms.
Invoked RoslynAnalysisRunner static constructor.
RoslynAnalysisRunner will not be running.
RoslynAnalysisRunner has terminated.
Mono: successfully reloaded assembly
- Completed reload, in  0.986 seconds
Platform modules already initialized, skipping
Refreshing native plugins compatible for Editor in 0.18 ms, found 1 plugins.
Preloading 0 native plugins for Editor in 0.00 ms.
Unloading 1095 Unused Serialized files (Serialized files now loaded: 0)
System memory in use before: 113.6 MB.
System memory in use after: 113.6 MB.

Unloading 5 unused Assets to reduce memory usage. Loaded Objects now: 1543.
Total: 1.754960 ms (FindLiveObjects: 0.244654 ms CreateObjectMapping: 0.040220 ms MarkObjects: 1.403707 ms  DeleteObjects: 0.065194 ms)

