Using pre-set license

 COMMAND LINE ARGUMENTS:
/Applications/Unity/Hub/Editor/2020.2.3f1/Unity.app/Contents/MacOS/Unity
-adb2
-batchMode
-noUpm
-name
AssetImportWorker0
-projectPath
/Users/dreamy/Projects/awPracticeCode/TicTacToeUnity
-logFile
Logs/AssetImportWorker0.log
-srvPort
50741
Successfully changed project path to: /Users/dreamy/Projects/awPracticeCode/TicTacToeUnity
/Users/dreamy/Projects/awPracticeCode/TicTacToeUnity
Using Asset Import Pipeline V2.
Refreshing native plugins compatible for Editor in 24.58 ms, found 1 plugins.
Preloading 0 native plugins for Editor in 0.00 ms.
Initialize engine version: 2020.2.3f1 (8ff31bc5bf5b)
[Subsystems] Discovering subsystems at path /Applications/Unity/Hub/Editor/2020.2.3f1/Unity.app/Contents/Resources/UnitySubsystems
[Subsystems] Discovering subsystems at path /Users/dreamy/Projects/awPracticeCode/TicTacToeUnity/Assets
GfxDevice: creating device client; threaded=0
2021-02-11 13:03:52.058 Unity[28071:1212917] Color LCD preferred device: Intel(R) Iris(TM) Plus Graphics 645 (low power)
2021-02-11 13:03:52.058 Unity[28071:1212917] Metal devices available: 1
2021-02-11 13:03:52.058 Unity[28071:1212917] 0: Intel(R) Iris(TM) Plus Graphics 645 (low power)
2021-02-11 13:03:52.058 Unity[28071:1212917] Using device Intel(R) Iris(TM) Plus Graphics 645 (low power)
Initializing Metal device caps: Intel(R) Iris(TM) Plus Graphics 645
Initialize mono
Mono path[0] = '/Applications/Unity/Hub/Editor/2020.2.3f1/Unity.app/Contents/Managed'
Mono path[1] = '/Applications/Unity/Hub/Editor/2020.2.3f1/Unity.app/Contents/MonoBleedingEdge/lib/mono/unityjit'
Mono config path = '/Applications/Unity/Hub/Editor/2020.2.3f1/Unity.app/Contents/MonoBleedingEdge/etc'
Using monoOptions --debugger-agent=transport=dt_socket,embedding=1,server=y,suspend=n,address=127.0.0.1:56071
Begin MonoManager ReloadAssembly
Registering precompiled unity dll's ...
Register platform support module: /Applications/Unity/Hub/Editor/2020.2.3f1/Unity.app/Contents/PlaybackEngines/MacStandaloneSupport/UnityEditor.OSXStandalone.Extensions.dll
Registered in 0.001807 seconds.
Native extension for OSXStandalone target not found
Refreshing native plugins compatible for Editor in 25.80 ms, found 1 plugins.
Preloading 0 native plugins for Editor in 0.00 ms.
Invoked RoslynAnalysisRunner static constructor.
RoslynAnalysisRunner will not be running.
RoslynAnalysisRunner has terminated.
Mono: successfully reloaded assembly
- Completed reload, in  2.450 seconds
Platform modules already initialized, skipping
Registering precompiled user dll's ...
Registered in 0.001260 seconds.
Begin MonoManager ReloadAssembly
Native extension for OSXStandalone target not found
Refreshing native plugins compatible for Editor in 0.25 ms, found 1 plugins.
Preloading 0 native plugins for Editor in 0.00 ms.
Invoked RoslynAnalysisRunner static constructor.
RoslynAnalysisRunner will not be running.
RoslynAnalysisRunner has terminated.
Mono: successfully reloaded assembly
- Completed reload, in  1.098 seconds
Platform modules already initialized, skipping
========================================================================
Worker process is ready to serve import requests
Launching external process: /Applications/Unity/Hub/Editor/2020.2.3f1/Unity.app/Contents/Tools/UnityShaderCompiler
Launched and connected shader compiler UnityShaderCompiler after 0.02 seconds
Refreshing native plugins compatible for Editor in 0.24 ms, found 1 plugins.
Preloading 0 native plugins for Editor in 0.00 ms.
Unloading 1099 Unused Serialized files (Serialized files now loaded: 0)
System memory in use before: 108.8 MB.
System memory in use after: 108.8 MB.

Unloading 10 unused Assets to reduce memory usage. Loaded Objects now: 1541.
Total: 2.295279 ms (FindLiveObjects: 0.192356 ms CreateObjectMapping: 0.053638 ms MarkObjects: 1.951239 ms  DeleteObjects: 0.097110 ms)

========================================================================
Received Import Request.
  path: Assets/Sprites/Box.png
  artifactKey: Guid(3e5bf9c283bd94cc5b1d750fac9d26a4) Importer(815301076,1909f56bfc062723c751e8b465ee728b)
Start importing Assets/Sprites/Box.png using Guid(3e5bf9c283bd94cc5b1d750fac9d26a4) Importer(815301076,1909f56bfc062723c751e8b465ee728b)  -> (artifact id: '7d8edaaac8deb9b7e28a33f28f28ad8c') in 1.171309 seconds
  Import took 1.173824 seconds .

========================================================================
Received Import Request.
  Time since last request: 35691.667459 seconds.
  path: Assets/Sprites/prpMgcCircle.png
  artifactKey: Guid(1d1bdf3b147cd420fa03040d947917e3) Importer(815301076,1909f56bfc062723c751e8b465ee728b)
Start importing Assets/Sprites/prpMgcCircle.png using Guid(1d1bdf3b147cd420fa03040d947917e3) Importer(815301076,1909f56bfc062723c751e8b465ee728b)  -> (artifact id: '47f75a1f5fdf97cac0caa1f11906253c') in 0.123867 seconds
  Import took 0.205372 seconds .

========================================================================
Received Import Request.
  Time since last request: 58.417449 seconds.
  path: Assets/Sprites/prpMgcCircle.png
  artifactKey: Guid(1d1bdf3b147cd420fa03040d947917e3) Importer(815301076,1909f56bfc062723c751e8b465ee728b)
Start importing Assets/Sprites/prpMgcCircle.png using Guid(1d1bdf3b147cd420fa03040d947917e3) Importer(815301076,1909f56bfc062723c751e8b465ee728b)  -> (artifact id: '78b572b8ce3711351407896b3e97608e') in 0.116664 seconds
  Import took 0.122878 seconds .

========================================================================
Received Prepare
Registering precompiled user dll's ...
Registered in 0.000986 seconds.
Begin MonoManager ReloadAssembly
Native extension for OSXStandalone target not found
Refreshing native plugins compatible for Editor in 0.25 ms, found 1 plugins.
Preloading 0 native plugins for Editor in 0.00 ms.
Invoked RoslynAnalysisRunner static constructor.
RoslynAnalysisRunner will not be running.
RoslynAnalysisRunner has terminated.
Mono: successfully reloaded assembly
- Completed reload, in  1.150 seconds
Platform modules already initialized, skipping
Refreshing native plugins compatible for Editor in 0.19 ms, found 1 plugins.
Preloading 0 native plugins for Editor in 0.00 ms.
Unloading 1095 Unused Serialized files (Serialized files now loaded: 0)
System memory in use before: 116.7 MB.
System memory in use after: 116.7 MB.

Unloading 5 unused Assets to reduce memory usage. Loaded Objects now: 1550.
Total: 6.873036 ms (FindLiveObjects: 1.153627 ms CreateObjectMapping: 0.103644 ms MarkObjects: 5.470990 ms  DeleteObjects: 0.143601 ms)

========================================================================
Received Import Request.
  Time since last request: 594.827362 seconds.
  path: Assets/Scripts/NewBehaviourScript.cs
  artifactKey: Guid(28b47920abfb64942997aa3b0f52491b) Importer(815301076,1909f56bfc062723c751e8b465ee728b)
Start importing Assets/Scripts/NewBehaviourScript.cs using Guid(28b47920abfb64942997aa3b0f52491b) Importer(815301076,1909f56bfc062723c751e8b465ee728b)  -> (artifact id: '74f872e27df30ed37a5a6672621e2f1b') in 0.448577 seconds
  Import took 0.450972 seconds .

========================================================================
Received Prepare
Registering precompiled user dll's ...
Registered in 0.000456 seconds.
Begin MonoManager ReloadAssembly
Native extension for OSXStandalone target not found
Refreshing native plugins compatible for Editor in 0.25 ms, found 1 plugins.
Preloading 0 native plugins for Editor in 0.00 ms.
Invoked RoslynAnalysisRunner static constructor.
RoslynAnalysisRunner will not be running.
RoslynAnalysisRunner has terminated.
Mono: successfully reloaded assembly
- Completed reload, in  1.089 seconds
Platform modules already initialized, skipping
Refreshing native plugins compatible for Editor in 0.19 ms, found 1 plugins.
Preloading 0 native plugins for Editor in 0.00 ms.
Unloading 1095 Unused Serialized files (Serialized files now loaded: 0)
System memory in use before: 121.3 MB.
System memory in use after: 121.4 MB.

Unloading 5 unused Assets to reduce memory usage. Loaded Objects now: 1552.
Total: 1.643280 ms (FindLiveObjects: 0.147859 ms CreateObjectMapping: 0.039096 ms MarkObjects: 1.405362 ms  DeleteObjects: 0.050024 ms)

========================================================================
Received Import Request.
  Time since last request: 2219.664699 seconds.
  path: Assets/Scripts/GameController.cs
  artifactKey: Guid(28b47920abfb64942997aa3b0f52491b) Importer(815301076,1909f56bfc062723c751e8b465ee728b)
Start importing Assets/Scripts/GameController.cs using Guid(28b47920abfb64942997aa3b0f52491b) Importer(815301076,1909f56bfc062723c751e8b465ee728b)  -> (artifact id: 'de447e268b0aea8fd642dc20339412f7') in 0.086606 seconds
  Import took 0.160721 seconds .

========================================================================
Received Import Request.
  Time since last request: 1508.815476 seconds.
  path: Assets/Scripts/GameController.cs
  artifactKey: Guid(28b47920abfb64942997aa3b0f52491b) Importer(815301076,1909f56bfc062723c751e8b465ee728b)
Start importing Assets/Scripts/GameController.cs using Guid(28b47920abfb64942997aa3b0f52491b) Importer(815301076,1909f56bfc062723c751e8b465ee728b)  -> (artifact id: 'a4617692620a7508563f435d28dd2bb3') in 0.056182 seconds
  Import took 0.133001 seconds .

========================================================================
Received Import Request.
  Time since last request: 752.228231 seconds.
  path: Assets/Scripts/GameController.cs
  artifactKey: Guid(28b47920abfb64942997aa3b0f52491b) Importer(815301076,1909f56bfc062723c751e8b465ee728b)
Start importing Assets/Scripts/GameController.cs using Guid(28b47920abfb64942997aa3b0f52491b) Importer(815301076,1909f56bfc062723c751e8b465ee728b)  -> (artifact id: '549bce0b90c4885117c0e4add7c47d0b') in 0.011243 seconds
  Import took 0.027150 seconds .

========================================================================
Received Import Request.
  Time since last request: 5298.959033 seconds.
  path: Assets/Scripts/GameController.cs
  artifactKey: Guid(28b47920abfb64942997aa3b0f52491b) Importer(815301076,1909f56bfc062723c751e8b465ee728b)
Start importing Assets/Scripts/GameController.cs using Guid(28b47920abfb64942997aa3b0f52491b) Importer(815301076,1909f56bfc062723c751e8b465ee728b)  -> (artifact id: 'ff9a433b715ac3248e2c71165afad6e6') in 0.023466 seconds
  Import took 0.068646 seconds .

========================================================================
Received Prepare
Registering precompiled user dll's ...
Registered in 0.000438 seconds.
Begin MonoManager ReloadAssembly
Native extension for OSXStandalone target not found
Refreshing native plugins compatible for Editor in 0.34 ms, found 1 plugins.
Preloading 0 native plugins for Editor in 0.00 ms.
Invoked RoslynAnalysisRunner static constructor.
RoslynAnalysisRunner will not be running.
RoslynAnalysisRunner has terminated.
Mono: successfully reloaded assembly
- Completed reload, in  1.364 seconds
Platform modules already initialized, skipping
Refreshing native plugins compatible for Editor in 0.21 ms, found 1 plugins.
Preloading 0 native plugins for Editor in 0.00 ms.
Unloading 1094 Unused Serialized files (Serialized files now loaded: 0)
System memory in use before: 123.4 MB.
System memory in use after: 123.5 MB.

Unloading 6 unused Assets to reduce memory usage. Loaded Objects now: 1553.
Total: 1.850582 ms (FindLiveObjects: 0.223635 ms CreateObjectMapping: 0.040231 ms MarkObjects: 1.512303 ms  DeleteObjects: 0.073540 ms)

========================================================================
Received Prepare
Registering precompiled user dll's ...
Registered in 0.000487 seconds.
Begin MonoManager ReloadAssembly
Native extension for OSXStandalone target not found
Refreshing native plugins compatible for Editor in 0.25 ms, found 1 plugins.
Preloading 0 native plugins for Editor in 0.00 ms.
Invoked RoslynAnalysisRunner static constructor.
RoslynAnalysisRunner will not be running.
RoslynAnalysisRunner has terminated.
Mono: successfully reloaded assembly
- Completed reload, in  1.291 seconds
Platform modules already initialized, skipping
Refreshing native plugins compatible for Editor in 0.20 ms, found 1 plugins.
Preloading 0 native plugins for Editor in 0.00 ms.
Unloading 1095 Unused Serialized files (Serialized files now loaded: 0)
System memory in use before: 123.7 MB.
System memory in use after: 123.7 MB.

Unloading 5 unused Assets to reduce memory usage. Loaded Objects now: 1556.
Total: 2.123132 ms (FindLiveObjects: 0.329426 ms CreateObjectMapping: 0.062529 ms MarkObjects: 1.651851 ms  DeleteObjects: 0.078023 ms)

========================================================================
Received Import Request.
  Time since last request: 222.679718 seconds.
  path: Assets/Scripts/GameController.cs
  artifactKey: Guid(28b47920abfb64942997aa3b0f52491b) Importer(815301076,1909f56bfc062723c751e8b465ee728b)
Start importing Assets/Scripts/GameController.cs using Guid(28b47920abfb64942997aa3b0f52491b) Importer(815301076,1909f56bfc062723c751e8b465ee728b)  -> (artifact id: 'f133ae395a229213562b698bbd0a943a') in 0.016016 seconds
  Import took 0.018915 seconds .

========================================================================
Received Import Request.
  Time since last request: 1987.750615 seconds.
  path: Assets/Scripts/GameController.cs
  artifactKey: Guid(28b47920abfb64942997aa3b0f52491b) Importer(815301076,1909f56bfc062723c751e8b465ee728b)
Start importing Assets/Scripts/GameController.cs using Guid(28b47920abfb64942997aa3b0f52491b) Importer(815301076,1909f56bfc062723c751e8b465ee728b)  -> (artifact id: '42fa4926ebae168484fd0d2a638d9b36') in 0.085873 seconds
  Import took 0.208596 seconds .

========================================================================
Received Prepare
Registering precompiled user dll's ...
Registered in 0.000599 seconds.
Begin MonoManager ReloadAssembly
Native extension for OSXStandalone target not found
Refreshing native plugins compatible for Editor in 0.26 ms, found 1 plugins.
Preloading 0 native plugins for Editor in 0.00 ms.
Invoked RoslynAnalysisRunner static constructor.
RoslynAnalysisRunner will not be running.
RoslynAnalysisRunner has terminated.
Mono: successfully reloaded assembly
- Completed reload, in  1.233 seconds
Platform modules already initialized, skipping
Refreshing native plugins compatible for Editor in 0.20 ms, found 1 plugins.
Preloading 0 native plugins for Editor in 0.00 ms.
Unloading 1095 Unused Serialized files (Serialized files now loaded: 0)
System memory in use before: 123.9 MB.
System memory in use after: 124.0 MB.

Unloading 5 unused Assets to reduce memory usage. Loaded Objects now: 1558.
Total: 5.347913 ms (FindLiveObjects: 1.740554 ms CreateObjectMapping: 0.069553 ms MarkObjects: 3.437936 ms  DeleteObjects: 0.098638 ms)

========================================================================
Received Prepare
Registering precompiled user dll's ...
Registered in 0.002345 seconds.
Begin MonoManager ReloadAssembly
Native extension for OSXStandalone target not found
Refreshing native plugins compatible for Editor in 0.27 ms, found 1 plugins.
Preloading 0 native plugins for Editor in 0.00 ms.
Invoked RoslynAnalysisRunner static constructor.
RoslynAnalysisRunner will not be running.
RoslynAnalysisRunner has terminated.
Mono: successfully reloaded assembly
- Completed reload, in  1.436 seconds
Platform modules already initialized, skipping
Refreshing native plugins compatible for Editor in 0.40 ms, found 1 plugins.
Preloading 0 native plugins for Editor in 0.00 ms.
Unloading 1095 Unused Serialized files (Serialized files now loaded: 0)
System memory in use before: 124.1 MB.
System memory in use after: 124.2 MB.

Unloading 5 unused Assets to reduce memory usage. Loaded Objects now: 1560.
Total: 1.844722 ms (FindLiveObjects: 0.232003 ms CreateObjectMapping: 0.042489 ms MarkObjects: 1.486135 ms  DeleteObjects: 0.082813 ms)

========================================================================
Received Prepare
Registering precompiled user dll's ...
Registered in 0.002025 seconds.
Begin MonoManager ReloadAssembly
Native extension for OSXStandalone target not found
Refreshing native plugins compatible for Editor in 0.25 ms, found 1 plugins.
Preloading 0 native plugins for Editor in 0.00 ms.
Invoked RoslynAnalysisRunner static constructor.
RoslynAnalysisRunner will not be running.
RoslynAnalysisRunner has terminated.
Mono: successfully reloaded assembly
- Completed reload, in  1.271 seconds
Platform modules already initialized, skipping
Refreshing native plugins compatible for Editor in 0.21 ms, found 1 plugins.
Preloading 0 native plugins for Editor in 0.00 ms.
Unloading 1095 Unused Serialized files (Serialized files now loaded: 0)
System memory in use before: 124.3 MB.
System memory in use after: 124.4 MB.

Unloading 5 unused Assets to reduce memory usage. Loaded Objects now: 1562.
Total: 1.842187 ms (FindLiveObjects: 0.249446 ms CreateObjectMapping: 0.042940 ms MarkObjects: 1.475950 ms  DeleteObjects: 0.072862 ms)

========================================================================
Received Prepare
Registering precompiled user dll's ...
Registered in 0.000596 seconds.
Begin MonoManager ReloadAssembly
Native extension for OSXStandalone target not found
Refreshing native plugins compatible for Editor in 0.25 ms, found 1 plugins.
Preloading 0 native plugins for Editor in 0.00 ms.
Invoked RoslynAnalysisRunner static constructor.
RoslynAnalysisRunner will not be running.
RoslynAnalysisRunner has terminated.
Mono: successfully reloaded assembly
- Completed reload, in  1.257 seconds
Platform modules already initialized, skipping
Refreshing native plugins compatible for Editor in 0.33 ms, found 1 plugins.
Preloading 0 native plugins for Editor in 0.00 ms.
Unloading 1095 Unused Serialized files (Serialized files now loaded: 0)
System memory in use before: 124.5 MB.
System memory in use after: 124.5 MB.

Unloading 5 unused Assets to reduce memory usage. Loaded Objects now: 1564.
Total: 1.795053 ms (FindLiveObjects: 0.234273 ms CreateObjectMapping: 0.042331 ms MarkObjects: 1.448082 ms  DeleteObjects: 0.069403 ms)

========================================================================
Received Prepare
Registering precompiled user dll's ...
Registered in 0.001021 seconds.
Begin MonoManager ReloadAssembly
Native extension for OSXStandalone target not found
Refreshing native plugins compatible for Editor in 0.49 ms, found 1 plugins.
Preloading 0 native plugins for Editor in 0.00 ms.
Invoked RoslynAnalysisRunner static constructor.
RoslynAnalysisRunner will not be running.
RoslynAnalysisRunner has terminated.
Mono: successfully reloaded assembly
- Completed reload, in  2.085 seconds
Platform modules already initialized, skipping
Refreshing native plugins compatible for Editor in 0.36 ms, found 1 plugins.
Preloading 0 native plugins for Editor in 0.00 ms.
Unloading 1095 Unused Serialized files (Serialized files now loaded: 0)
System memory in use before: 124.6 MB.
System memory in use after: 124.7 MB.

Unloading 5 unused Assets to reduce memory usage. Loaded Objects now: 1566.
Total: 1.961243 ms (FindLiveObjects: 0.270876 ms CreateObjectMapping: 0.042114 ms MarkObjects: 1.566622 ms  DeleteObjects: 0.079990 ms)

========================================================================
Received Prepare
Registering precompiled user dll's ...
Registered in 0.001995 seconds.
Begin MonoManager ReloadAssembly
Native extension for OSXStandalone target not found
Refreshing native plugins compatible for Editor in 0.27 ms, found 1 plugins.
Preloading 0 native plugins for Editor in 0.00 ms.
Invoked RoslynAnalysisRunner static constructor.
RoslynAnalysisRunner will not be running.
RoslynAnalysisRunner has terminated.
Mono: successfully reloaded assembly
- Completed reload, in  1.369 seconds
Platform modules already initialized, skipping
Refreshing native plugins compatible for Editor in 0.25 ms, found 1 plugins.
Preloading 0 native plugins for Editor in 0.00 ms.
Unloading 1095 Unused Serialized files (Serialized files now loaded: 0)
System memory in use before: 124.8 MB.
System memory in use after: 124.9 MB.

Unloading 5 unused Assets to reduce memory usage. Loaded Objects now: 1568.
Total: 2.085365 ms (FindLiveObjects: 0.262567 ms CreateObjectMapping: 0.046634 ms MarkObjects: 1.685706 ms  DeleteObjects: 0.089175 ms)

========================================================================
Received Prepare
Registering precompiled user dll's ...
Registered in 0.000411 seconds.
Begin MonoManager ReloadAssembly
Native extension for OSXStandalone target not found
Refreshing native plugins compatible for Editor in 0.26 ms, found 1 plugins.
Preloading 0 native plugins for Editor in 0.00 ms.
Invoked RoslynAnalysisRunner static constructor.
RoslynAnalysisRunner will not be running.
RoslynAnalysisRunner has terminated.
Mono: successfully reloaded assembly
- Completed reload, in  1.479 seconds
Platform modules already initialized, skipping
Refreshing native plugins compatible for Editor in 0.42 ms, found 1 plugins.
Preloading 0 native plugins for Editor in 0.00 ms.
Unloading 1095 Unused Serialized files (Serialized files now loaded: 0)
System memory in use before: 125.0 MB.
System memory in use after: 125.1 MB.

Unloading 5 unused Assets to reduce memory usage. Loaded Objects now: 1570.
Total: 2.224177 ms (FindLiveObjects: 0.314026 ms CreateObjectMapping: 0.057648 ms MarkObjects: 1.696283 ms  DeleteObjects: 0.154595 ms)

========================================================================
Received Prepare
Registering precompiled user dll's ...
Registered in 0.001082 seconds.
Begin MonoManager ReloadAssembly
Native extension for OSXStandalone target not found
Refreshing native plugins compatible for Editor in 0.25 ms, found 1 plugins.
Preloading 0 native plugins for Editor in 0.00 ms.
Invoked RoslynAnalysisRunner static constructor.
RoslynAnalysisRunner will not be running.
RoslynAnalysisRunner has terminated.
Mono: successfully reloaded assembly
- Completed reload, in  1.283 seconds
Platform modules already initialized, skipping
Refreshing native plugins compatible for Editor in 0.20 ms, found 1 plugins.
Preloading 0 native plugins for Editor in 0.00 ms.
Unloading 1095 Unused Serialized files (Serialized files now loaded: 0)
System memory in use before: 125.2 MB.
System memory in use after: 125.2 MB.

Unloading 5 unused Assets to reduce memory usage. Loaded Objects now: 1572.
Total: 1.842313 ms (FindLiveObjects: 0.256559 ms CreateObjectMapping: 0.042574 ms MarkObjects: 1.481887 ms  DeleteObjects: 0.060245 ms)

